#! /usr/bin/vvp
:ivl_version "10.3 (stable)";
:ivl_delay_selection "TYPICAL";
:vpi_time_precision + 0;
:vpi_module "system";
:vpi_module "vhdl_sys";
:vpi_module "v2005_math";
:vpi_module "va_math";
S_0x5642da504b00 .scope module, "test" "test" 2 1;
 .timescale 0 0;
v0x5642da5168b0_0 .var "in0", 0 0;
v0x5642da516970_0 .var "in1", 0 0;
v0x5642da516a40_0 .net "out", 0 0, L_0x5642da516c10;  1 drivers
v0x5642da516b40_0 .var "sel", 0 0;
S_0x5642da504c80 .scope module, "dut" "mux2to1" 2 7, 3 1 0, S_0x5642da504b00;
 .timescale 0 0;
    .port_info 0 /INPUT 1 "a"
    .port_info 1 /INPUT 1 "b"
    .port_info 2 /INPUT 1 "sel"
    .port_info 3 /OUTPUT 1 "out"
v0x5642da4cf0c0_0 .net "a", 0 0, v0x5642da5168b0_0;  1 drivers
v0x5642da5165b0_0 .net "b", 0 0, v0x5642da516970_0;  1 drivers
v0x5642da516670_0 .net "out", 0 0, L_0x5642da516c10;  alias, 1 drivers
v0x5642da516740_0 .net "sel", 0 0, v0x5642da516b40_0;  1 drivers
L_0x5642da516c10 .functor MUXZ 1, v0x5642da5168b0_0, v0x5642da516970_0, v0x5642da516b40_0, C4<>;
    .scope S_0x5642da504b00;
T_0 ;
    %pushi/vec4 0, 0, 1;
    %store/vec4 v0x5642da5168b0_0, 0, 1;
    %pushi/vec4 1, 0, 1;
    %store/vec4 v0x5642da516970_0, 0, 1;
    %delay 1, 0;
    %pushi/vec4 0, 0, 1;
    %store/vec4 v0x5642da516b40_0, 0, 1;
    %delay 1, 0;
    %pushi/vec4 1, 0, 1;
    %store/vec4 v0x5642da516b40_0, 0, 1;
    %end;
    .thread T_0;
    .scope S_0x5642da504b00;
T_1 ;
    %vpi_call 2 17 "$dumpfile", "./test.vcd" {0 0 0};
    %vpi_call 2 18 "$dumpvars", 32'sb11111111111111111111111111111111, S_0x5642da504b00 {0 0 0};
    %vpi_call 2 19 "$dumpon" {0 0 0};
    %delay 6, 0;
    %vpi_call 2 21 "$dumpoff" {0 0 0};
    %vpi_call 2 22 "$finish" {0 0 0};
    %end;
    .thread T_1;
    .scope S_0x5642da504b00;
T_2 ;
    %delay 1, 0;
    %vpi_call 2 26 "$display", "%t:    cout=%b %h %h %b", $time, v0x5642da516a40_0, v0x5642da5168b0_0, v0x5642da516970_0, v0x5642da516b40_0 {0 0 0};
    %jmp T_2;
    .thread T_2;
# The file index is used to find the file name in the following table.
:file_names 4;
    "N/A";
    "<interactive>";
    "mux2to1_tb.v";
    "mux2to1.v";
